<?xml version="1.0" encoding="UTF-8"?>
<!-- Generated by org.testng.reporters.JUnitReportReporter -->
<testsuite hostname="LAPTOP-EMPJJC32" failures="0" tests="3" name="com.hrms.testng.Exmp_testng" time="0.012" errors="0" timestamp="2023-02-03T00:10:16 IST" skipped="0">
  <testcase classname="com.hrms.testng.Exmp_testng" name="b" time="0.001"/>
  <system-out/>
  <testcase classname="com.hrms.testng.Exmp_testng" name="c" time="0.001"/>
  <system-out/>
  <testcase classname="com.hrms.testng.Exmp_testng" name="a" time="0.010"/>
  <system-out/>
</testsuite> <!-- com.hrms.testng.Exmp_testng -->
