<?xml version="1.0" encoding="UTF-8"?>
<!-- Generated by org.testng.reporters.JUnitReportReporter -->
<testsuite hostname="LAPTOP-EMPJJC32" failures="0" tests="1" name="com.hrms.automationscripts.TC002" time="32.522" errors="0" timestamp="2023-02-03T10:16:18 IST" skipped="0">
  <testcase classname="com.hrms.automationscripts.TC002" name="tc002" time="32.522"/>
  <system-out>
    <![CDATA[app opened
login completed
add employee completed
logout completed
closed]]>
  </system-out>
</testsuite> <!-- com.hrms.automationscripts.TC002 -->
